<?xml version="1.0" encoding="UTF-8"?>
<!-- Generated by org.testng.reporters.JUnitReportReporter -->
<testsuite hostname="LAPTOP-S1PMD99L" failures="0" tests="10" name="runner.WebApp" time="162.814" errors="0" timestamp="19 Jan 2022 12:39:15 GMT" skipped="0">
  <testcase classname="runner.WebApp" name="HomePage" time="5.118"/>
  <testcase classname="runner.WebApp" name="SignUp" time="11.359"/>
  <testcase classname="runner.WebApp" name="HomepageLogin" time="8.443"/>
  <testcase classname="runner.WebApp" name="AboutPage" time="6.839"/>
  <testcase classname="runner.WebApp" name="ContactPage" time="7.148"/>
  <testcase classname="runner.WebApp" name="OnewayPage" time="15.655"/>
  <testcase classname="runner.WebApp" name="LocalPage" time="38.201"/>
  <testcase classname="runner.WebApp" name="OutstationPage" time="29.690"/>
  <testcase classname="runner.WebApp" name="AirportPage" time="27.260"/>
  <testcase classname="runner.WebApp" name="CorporatePage" time="13.101"/>
</testsuite> <!-- runner.WebApp -->
